--- Copying files at Tue Apr  2 03:37:15 UTC 2019
INSTALLED init.groovy.d/tcp-slave-agent-port.groovy
--- Copying files at Tue Apr  2 03:39:29 UTC 2019
--- Copying files at Tue Apr  2 04:10:39 UTC 2019
--- Copying files at Tue Apr  2 06:55:35 UTC 2019
--- Copying files at Tue Apr  2 07:04:46 UTC 2019
--- Copying files at Tue Apr  2 07:06:04 UTC 2019
--- Copying files at Tue Apr  2 09:36:51 UTC 2019
--- Copying files at Wed Apr  3 07:11:30 UTC 2019
--- Copying files at Wed Apr  3 07:26:26 UTC 2019
--- Copying files at Wed Apr  3 07:27:13 UTC 2019
--- Copying files at Wed Apr  3 07:27:41 UTC 2019
--- Copying files at Wed Apr  3 07:34:13 UTC 2019
--- Copying files at Wed Apr  3 07:39:25 UTC 2019
--- Copying files at Wed Apr  3 07:52:29 UTC 2019
--- Copying files at Thu Apr  4 01:44:48 UTC 2019
--- Copying files at Thu Apr  4 05:51:35 UTC 2019
--- Copying files at Thu Apr  4 06:34:16 UTC 2019
--- Copying files at Thu Apr  4 07:18:13 UTC 2019
--- Copying files at Thu Apr  4 09:27:20 UTC 2019
--- Copying files at Fri Apr  5 02:48:12 UTC 2019
--- Copying files at Fri Apr  5 07:51:39 UTC 2019
--- Copying files at Fri Apr  5 08:02:53 UTC 2019
--- Copying files at Fri Apr  5 08:06:06 UTC 2019
